d:\facultate\anul 2\semestrul 1\limbaje formale şi compilatoare\laboratoare\3. temă afd\afd\debug\vc142.pdb
d:\facultate\anul 2\semestrul 1\limbaje formale şi compilatoare\laboratoare\3. temă afd\afd\debug\vc142.idb
d:\facultate\anul 2\semestrul 1\limbaje formale şi compilatoare\laboratoare\3. temă afd\afd\debug\source.obj
d:\facultate\anul 2\semestrul 1\limbaje formale şi compilatoare\laboratoare\3. temă afd\afd\debug\dfa.obj
d:\facultate\anul 2\semestrul 1\limbaje formale şi compilatoare\laboratoare\3. temă afd\afd\debug\afd.pdb
d:\facultate\anul 2\semestrul 1\limbaje formale şi compilatoare\laboratoare\3. temă afd\afd\debug\afd.tlog\cl.command.1.tlog
d:\facultate\anul 2\semestrul 1\limbaje formale şi compilatoare\laboratoare\3. temă afd\afd\debug\afd.tlog\cl.read.1.tlog
d:\facultate\anul 2\semestrul 1\limbaje formale şi compilatoare\laboratoare\3. temă afd\afd\debug\afd.tlog\cl.write.1.tlog
d:\facultate\anul 2\semestrul 1\limbaje formale şi compilatoare\laboratoare\3. temă afd\afd\debug\afd.tlog\link-cvtres.read.1.tlog
d:\facultate\anul 2\semestrul 1\limbaje formale şi compilatoare\laboratoare\3. temă afd\afd\debug\afd.tlog\link-cvtres.write.1.tlog
d:\facultate\anul 2\semestrul 1\limbaje formale şi compilatoare\laboratoare\3. temă afd\afd\debug\afd.tlog\link-rc.read.1.tlog
d:\facultate\anul 2\semestrul 1\limbaje formale şi compilatoare\laboratoare\3. temă afd\afd\debug\afd.tlog\link-rc.write.1.tlog
d:\facultate\anul 2\semestrul 1\limbaje formale şi compilatoare\laboratoare\3. temă afd\afd\debug\afd.tlog\link.23920-cvtres.read.1.tlog
d:\facultate\anul 2\semestrul 1\limbaje formale şi compilatoare\laboratoare\3. temă afd\afd\debug\afd.tlog\link.23920-cvtres.write.1.tlog
d:\facultate\anul 2\semestrul 1\limbaje formale şi compilatoare\laboratoare\3. temă afd\afd\debug\afd.tlog\link.23920-rc.read.1.tlog
d:\facultate\anul 2\semestrul 1\limbaje formale şi compilatoare\laboratoare\3. temă afd\afd\debug\afd.tlog\link.23920-rc.write.1.tlog
d:\facultate\anul 2\semestrul 1\limbaje formale şi compilatoare\laboratoare\3. temă afd\afd\debug\afd.tlog\link.23920.read.1.tlog
d:\facultate\anul 2\semestrul 1\limbaje formale şi compilatoare\laboratoare\3. temă afd\afd\debug\afd.tlog\link.23920.write.1.tlog
d:\facultate\anul 2\semestrul 1\limbaje formale şi compilatoare\laboratoare\3. temă afd\afd\debug\afd.tlog\link.command.1.tlog
d:\facultate\anul 2\semestrul 1\limbaje formale şi compilatoare\laboratoare\3. temă afd\afd\debug\afd.tlog\link.read.1.tlog
d:\facultate\anul 2\semestrul 1\limbaje formale şi compilatoare\laboratoare\3. temă afd\afd\debug\afd.tlog\link.write.1.tlog
